2021-04-20 23:10:36,462 936  [main] INFO  com.iflytek.vivian.traffic.server.TrafficServerApplication - Starting TrafficServerApplication on ENVY with PID 7276 (C:\Users\AlexanderWang\Desktop\TrafficBroadcastSystem\TrafficBroadcastServer\target\classes started by AlexanderWang in C:\Users\AlexanderWang\Desktop\TrafficBroadcastSystem\TrafficBroadcastServer)
2021-04-20 23:10:36,470 944  [main] INFO  com.iflytek.vivian.traffic.server.TrafficServerApplication - No active profile set, falling back to default profiles: default
2021-04-20 23:10:36,553 1027 [main] INFO  org.springframework.boot.context.embedded.AnnotationConfigEmbeddedWebApplicationContext - Refreshing org.springframework.boot.context.embedded.AnnotationConfigEmbeddedWebApplicationContext@5a63f509: startup date [Tue Apr 20 23:10:36 GMT+08:00 2021]; root of context hierarchy
2021-04-20 23:10:36,724 1198 [background-preinit] INFO  org.hibernate.validator.internal.util.Version - HV000001: Hibernate Validator 5.3.6.Final
2021-04-20 23:10:38,454 2928 [main] INFO  org.springframework.context.support.PostProcessorRegistrationDelegate$BeanPostProcessorChecker - Bean 'org.springframework.transaction.annotation.ProxyTransactionManagementConfiguration' of type [org.springframework.transaction.annotation.ProxyTransactionManagementConfiguration$$EnhancerBySpringCGLIB$$fef736d7] is not eligible for getting processed by all BeanPostProcessors (for example: not eligible for auto-proxying)
2021-04-20 23:10:38,927 3401 [main] INFO  org.springframework.boot.context.embedded.tomcat.TomcatEmbeddedServletContainer - Tomcat initialized with port(s): 9997 (http)
2021-04-20 23:10:38,944 3418 [main] INFO  org.apache.coyote.http11.Http11NioProtocol - Initializing ProtocolHandler ["http-nio-9997"]
2021-04-20 23:10:38,961 3435 [main] INFO  org.apache.catalina.core.StandardService - Starting service [Tomcat]
2021-04-20 23:10:38,962 3436 [main] INFO  org.apache.catalina.core.StandardEngine - Starting Servlet Engine: Apache Tomcat/8.5.40
2021-04-20 23:10:39,130 3604 [localhost-startStop-1] INFO  org.apache.catalina.core.ContainerBase.[Tomcat].[localhost].[/traffic-server] - Initializing Spring embedded WebApplicationContext
2021-04-20 23:10:39,130 3604 [localhost-startStop-1] INFO  org.springframework.web.context.ContextLoader - Root WebApplicationContext: initialization completed in 2577 ms
2021-04-20 23:10:39,598 4072 [localhost-startStop-1] INFO  org.springframework.boot.web.servlet.ServletRegistrationBean - Mapping servlet: 'dispatcherServlet' to [/]
2021-04-20 23:10:39,600 4074 [localhost-startStop-1] INFO  org.springframework.boot.web.servlet.ServletRegistrationBean - Mapping servlet: 'statViewServlet' to [/druid/*]
2021-04-20 23:10:39,605 4079 [localhost-startStop-1] INFO  org.springframework.boot.web.servlet.FilterRegistrationBean - Mapping filter: 'metricsFilter' to: [/*]
2021-04-20 23:10:39,606 4080 [localhost-startStop-1] INFO  org.springframework.boot.web.servlet.FilterRegistrationBean - Mapping filter: 'characterEncodingFilter' to: [/*]
2021-04-20 23:10:39,606 4080 [localhost-startStop-1] INFO  org.springframework.boot.web.servlet.FilterRegistrationBean - Mapping filter: 'hiddenHttpMethodFilter' to: [/*]
2021-04-20 23:10:39,606 4080 [localhost-startStop-1] INFO  org.springframework.boot.web.servlet.FilterRegistrationBean - Mapping filter: 'httpPutFormContentFilter' to: [/*]
2021-04-20 23:10:39,606 4080 [localhost-startStop-1] INFO  org.springframework.boot.web.servlet.FilterRegistrationBean - Mapping filter: 'requestContextFilter' to: [/*]
2021-04-20 23:10:39,606 4080 [localhost-startStop-1] INFO  org.springframework.boot.web.servlet.FilterRegistrationBean - Mapping filter: 'webRequestLoggingFilter' to: [/*]
2021-04-20 23:10:39,607 4081 [localhost-startStop-1] INFO  org.springframework.boot.web.servlet.FilterRegistrationBean - Mapping filter: 'webStatFilter' to urls: [/*]
2021-04-20 23:10:39,607 4081 [localhost-startStop-1] INFO  org.springframework.boot.web.servlet.FilterRegistrationBean - Mapping filter: 'applicationContextIdFilter' to: [/*]
2021-04-20 23:10:39,658 4132 [main] INFO  com.alibaba.druid.spring.boot.autoconfigure.DruidDataSourceAutoConfigure - Init DruidDataSource
2021-04-20 23:10:40,186 4660 [main] INFO  com.alibaba.druid.pool.DruidDataSource - {dataSource-1} inited
2021-04-20 23:10:44,214 8688 [main] INFO  org.springframework.orm.jpa.LocalContainerEntityManagerFactoryBean - Building JPA container EntityManagerFactory for persistence unit 'default'
2021-04-20 23:10:44,230 8704 [main] INFO  org.hibernate.jpa.internal.util.LogHelper - HHH000204: Processing PersistenceUnitInfo [
	name: default
	...]
2021-04-20 23:10:44,333 8807 [main] INFO  org.hibernate.Version - HHH000412: Hibernate Core {5.0.12.Final}
2021-04-20 23:10:44,335 8809 [main] INFO  org.hibernate.cfg.Environment - HHH000206: hibernate.properties not found
2021-04-20 23:10:44,337 8811 [main] INFO  org.hibernate.cfg.Environment - HHH000021: Bytecode provider name : javassist
2021-04-20 23:10:44,391 8865 [main] INFO  org.hibernate.annotations.common.Version - HCANN000001: Hibernate Commons Annotations {5.0.1.Final}
2021-04-20 23:10:44,588 9062 [main] INFO  org.hibernate.dialect.Dialect - HHH000400: Using dialect: org.hibernate.dialect.MySQL5Dialect
2021-04-20 23:10:45,113 9587 [main] INFO  org.springframework.orm.jpa.LocalContainerEntityManagerFactoryBean - Initialized JPA EntityManagerFactory for persistence unit 'default'
2021-04-20 23:10:45,995 10469 [main] INFO  org.springframework.web.servlet.mvc.method.annotation.RequestMappingHandlerMapping - Mapped "{[/event/update],methods=[POST]}" onto public com.iflytek.vivian.traffic.server.dto.Result<com.iflytek.vivian.traffic.server.domain.entity.Event> com.iflytek.vivian.traffic.server.controller.EventController.updateEvent(com.iflytek.vivian.traffic.server.dto.EventDto)
2021-04-20 23:10:45,997 10471 [main] INFO  org.springframework.web.servlet.mvc.method.annotation.RequestMappingHandlerMapping - Mapped "{[/event/playEvent],methods=[POST]}" onto public com.iflytek.vivian.traffic.server.dto.Result<java.lang.String> com.iflytek.vivian.traffic.server.controller.EventController.playEvent(com.iflytek.vivian.traffic.server.dto.TtsDto)
2021-04-20 23:10:45,998 10472 [main] INFO  org.springframework.web.servlet.mvc.method.annotation.RequestMappingHandlerMapping - Mapped "{[/event/list],methods=[POST]}" onto public com.iflytek.vivian.traffic.server.dto.Result<java.util.List<com.iflytek.vivian.traffic.server.domain.entity.Event>> com.iflytek.vivian.traffic.server.controller.EventController.listEvent()
2021-04-20 23:10:45,999 10473 [main] INFO  org.springframework.web.servlet.mvc.method.annotation.RequestMappingHandlerMapping - Mapped "{[/event/saveEvent],methods=[POST]}" onto public com.iflytek.vivian.traffic.server.dto.Result<com.iflytek.vivian.traffic.server.domain.entity.Event> com.iflytek.vivian.traffic.server.controller.EventController.saveEvent(com.iflytek.vivian.traffic.server.dto.EventDto)
2021-04-20 23:10:46,000 10474 [main] INFO  org.springframework.web.servlet.mvc.method.annotation.RequestMappingHandlerMapping - Mapped "{[/event/tts],methods=[POST]}" onto public com.iflytek.vivian.traffic.server.dto.Result<java.io.File> com.iflytek.vivian.traffic.server.controller.EventController.tts()
2021-04-20 23:10:46,000 10474 [main] INFO  org.springframework.web.servlet.mvc.method.annotation.RequestMappingHandlerMapping - Mapped "{[/event/select],methods=[POST]}" onto public com.iflytek.vivian.traffic.server.dto.Result<com.iflytek.vivian.traffic.server.domain.entity.Event> com.iflytek.vivian.traffic.server.controller.EventController.selectEvent(com.iflytek.vivian.traffic.server.dto.UserDto)
2021-04-20 23:10:46,001 10475 [main] INFO  org.springframework.web.servlet.mvc.method.annotation.RequestMappingHandlerMapping - Mapped "{[/event/iat],methods=[POST]}" onto public com.iflytek.vivian.traffic.server.dto.Result<com.iflytek.vivian.traffic.server.dto.EventDto> com.iflytek.vivian.traffic.server.controller.EventController.iatEvent(org.springframework.web.multipart.MultipartFile)
2021-04-20 23:10:46,001 10475 [main] INFO  org.springframework.web.servlet.mvc.method.annotation.RequestMappingHandlerMapping - Mapped "{[/event/delete],methods=[POST]}" onto public com.iflytek.vivian.traffic.server.dto.Result<java.lang.Boolean> com.iflytek.vivian.traffic.server.controller.EventController.deleteEvent(java.util.List<com.iflytek.vivian.traffic.server.dto.EventDto>)
2021-04-20 23:10:46,003 10477 [main] INFO  org.springframework.web.servlet.mvc.method.annotation.RequestMappingHandlerMapping - Mapped "{[/user/login],methods=[POST]}" onto public com.iflytek.vivian.traffic.server.dto.Result<com.iflytek.vivian.traffic.server.domain.entity.User> com.iflytek.vivian.traffic.server.controller.PolicemanController.userLogin(com.iflytek.vivian.traffic.server.dto.UserDto)
2021-04-20 23:10:46,004 10478 [main] INFO  org.springframework.web.servlet.mvc.method.annotation.RequestMappingHandlerMapping - Mapped "{[/user/delete],methods=[POST]}" onto public com.iflytek.vivian.traffic.server.dto.Result<java.lang.Boolean> com.iflytek.vivian.traffic.server.controller.PolicemanController.deletePoliceman(java.util.List<com.iflytek.vivian.traffic.server.dto.UserDto>)
2021-04-20 23:10:46,004 10478 [main] INFO  org.springframework.web.servlet.mvc.method.annotation.RequestMappingHandlerMapping - Mapped "{[/user/update],methods=[POST]}" onto public com.iflytek.vivian.traffic.server.dto.Result<com.iflytek.vivian.traffic.server.domain.entity.User> com.iflytek.vivian.traffic.server.controller.PolicemanController.updatePoliceman(com.iflytek.vivian.traffic.server.dto.UserDto)
2021-04-20 23:10:46,005 10479 [main] INFO  org.springframework.web.servlet.mvc.method.annotation.RequestMappingHandlerMapping - Mapped "{[/user/select],methods=[POST]}" onto public com.iflytek.vivian.traffic.server.dto.Result<com.iflytek.vivian.traffic.server.domain.entity.User> com.iflytek.vivian.traffic.server.controller.PolicemanController.selectPoliceman(com.iflytek.vivian.traffic.server.dto.UserDto)
2021-04-20 23:10:46,005 10479 [main] INFO  org.springframework.web.servlet.mvc.method.annotation.RequestMappingHandlerMapping - Mapped "{[/user/list],methods=[POST]}" onto public com.iflytek.vivian.traffic.server.dto.Result<java.util.List<com.iflytek.vivian.traffic.server.domain.entity.User>> com.iflytek.vivian.traffic.server.controller.PolicemanController.listPoliceman()
2021-04-20 23:10:46,005 10479 [main] INFO  org.springframework.web.servlet.mvc.method.annotation.RequestMappingHandlerMapping - Mapped "{[/user/save],methods=[POST]}" onto public com.iflytek.vivian.traffic.server.dto.Result<com.iflytek.vivian.traffic.server.domain.entity.User> com.iflytek.vivian.traffic.server.controller.PolicemanController.savePoliceman(com.iflytek.vivian.traffic.server.dto.UserDto)
2021-04-20 23:10:46,008 10482 [main] INFO  org.springframework.web.servlet.mvc.method.annotation.RequestMappingHandlerMapping - Mapped "{[/swagger-resources/configuration/ui]}" onto public org.springframework.http.ResponseEntity<springfox.documentation.swagger.web.UiConfiguration> springfox.documentation.swagger.web.ApiResourceController.uiConfiguration()
2021-04-20 23:10:46,010 10484 [main] INFO  org.springframework.web.servlet.mvc.method.annotation.RequestMappingHandlerMapping - Mapped "{[/swagger-resources]}" onto public org.springframework.http.ResponseEntity<java.util.List<springfox.documentation.swagger.web.SwaggerResource>> springfox.documentation.swagger.web.ApiResourceController.swaggerResources()
2021-04-20 23:10:46,011 10485 [main] INFO  org.springframework.web.servlet.mvc.method.annotation.RequestMappingHandlerMapping - Mapped "{[/swagger-resources/configuration/security]}" onto public org.springframework.http.ResponseEntity<springfox.documentation.swagger.web.SecurityConfiguration> springfox.documentation.swagger.web.ApiResourceController.securityConfiguration()
2021-04-20 23:10:46,015 10489 [main] INFO  org.springframework.web.servlet.mvc.method.annotation.RequestMappingHandlerMapping - Mapped "{[/error]}" onto public org.springframework.http.ResponseEntity<java.util.Map<java.lang.String, java.lang.Object>> org.springframework.boot.autoconfigure.web.BasicErrorController.error(javax.servlet.http.HttpServletRequest)
2021-04-20 23:10:46,015 10489 [main] INFO  org.springframework.web.servlet.mvc.method.annotation.RequestMappingHandlerMapping - Mapped "{[/error],produces=[text/html]}" onto public org.springframework.web.servlet.ModelAndView org.springframework.boot.autoconfigure.web.BasicErrorController.errorHtml(javax.servlet.http.HttpServletRequest,javax.servlet.http.HttpServletResponse)
2021-04-20 23:10:46,312 10786 [main] INFO  org.springframework.boot.actuate.endpoint.mvc.EndpointHandlerMapping - Mapped "{[/env/{name:.*}],methods=[GET],produces=[application/vnd.spring-boot.actuator.v1+json || application/json]}" onto public java.lang.Object org.springframework.boot.actuate.endpoint.mvc.EnvironmentMvcEndpoint.value(java.lang.String)
2021-04-20 23:10:46,313 10787 [main] INFO  org.springframework.boot.actuate.endpoint.mvc.EndpointHandlerMapping - Mapped "{[/env || /env.json],methods=[GET],produces=[application/vnd.spring-boot.actuator.v1+json || application/json]}" onto public java.lang.Object org.springframework.boot.actuate.endpoint.mvc.EndpointMvcAdapter.invoke()
2021-04-20 23:10:46,313 10787 [main] INFO  org.springframework.boot.actuate.endpoint.mvc.EndpointHandlerMapping - Mapped "{[/heapdump || /heapdump.json],methods=[GET],produces=[application/octet-stream]}" onto public void org.springframework.boot.actuate.endpoint.mvc.HeapdumpMvcEndpoint.invoke(boolean,javax.servlet.http.HttpServletRequest,javax.servlet.http.HttpServletResponse) throws java.io.IOException,javax.servlet.ServletException
2021-04-20 23:10:46,316 10790 [main] INFO  org.springframework.boot.actuate.endpoint.mvc.EndpointHandlerMapping - Mapped "{[/loggers/{name:.*}],methods=[GET],produces=[application/vnd.spring-boot.actuator.v1+json || application/json]}" onto public java.lang.Object org.springframework.boot.actuate.endpoint.mvc.LoggersMvcEndpoint.get(java.lang.String)
2021-04-20 23:10:46,316 10790 [main] INFO  org.springframework.boot.actuate.endpoint.mvc.EndpointHandlerMapping - Mapped "{[/loggers/{name:.*}],methods=[POST],consumes=[application/vnd.spring-boot.actuator.v1+json || application/json],produces=[application/vnd.spring-boot.actuator.v1+json || application/json]}" onto public java.lang.Object org.springframework.boot.actuate.endpoint.mvc.LoggersMvcEndpoint.set(java.lang.String,java.util.Map<java.lang.String, java.lang.String>)
2021-04-20 23:10:46,317 10791 [main] INFO  org.springframework.boot.actuate.endpoint.mvc.EndpointHandlerMapping - Mapped "{[/loggers || /loggers.json],methods=[GET],produces=[application/vnd.spring-boot.actuator.v1+json || application/json]}" onto public java.lang.Object org.springframework.boot.actuate.endpoint.mvc.EndpointMvcAdapter.invoke()
2021-04-20 23:10:46,318 10792 [main] INFO  org.springframework.boot.actuate.endpoint.mvc.EndpointHandlerMapping - Mapped "{[/metrics/{name:.*}],methods=[GET],produces=[application/vnd.spring-boot.actuator.v1+json || application/json]}" onto public java.lang.Object org.springframework.boot.actuate.endpoint.mvc.MetricsMvcEndpoint.value(java.lang.String)
2021-04-20 23:10:46,318 10792 [main] INFO  org.springframework.boot.actuate.endpoint.mvc.EndpointHandlerMapping - Mapped "{[/metrics || /metrics.json],methods=[GET],produces=[application/vnd.spring-boot.actuator.v1+json || application/json]}" onto public java.lang.Object org.springframework.boot.actuate.endpoint.mvc.EndpointMvcAdapter.invoke()
2021-04-20 23:10:46,319 10793 [main] INFO  org.springframework.boot.actuate.endpoint.mvc.EndpointHandlerMapping - Mapped "{[/auditevents || /auditevents.json],methods=[GET],produces=[application/vnd.spring-boot.actuator.v1+json || application/json]}" onto public org.springframework.http.ResponseEntity<?> org.springframework.boot.actuate.endpoint.mvc.AuditEventsMvcEndpoint.findByPrincipalAndAfterAndType(java.lang.String,java.util.Date,java.lang.String)
2021-04-20 23:10:46,319 10793 [main] INFO  org.springframework.boot.actuate.endpoint.mvc.EndpointHandlerMapping - Mapped "{[/dump || /dump.json],methods=[GET],produces=[application/vnd.spring-boot.actuator.v1+json || application/json]}" onto public java.lang.Object org.springframework.boot.actuate.endpoint.mvc.EndpointMvcAdapter.invoke()
2021-04-20 23:10:46,320 10794 [main] INFO  org.springframework.boot.actuate.endpoint.mvc.EndpointHandlerMapping - Mapped "{[/beans || /beans.json],methods=[GET],produces=[application/vnd.spring-boot.actuator.v1+json || application/json]}" onto public java.lang.Object org.springframework.boot.actuate.endpoint.mvc.EndpointMvcAdapter.invoke()
2021-04-20 23:10:46,321 10795 [main] INFO  org.springframework.boot.actuate.endpoint.mvc.EndpointHandlerMapping - Mapped "{[/mappings || /mappings.json],methods=[GET],produces=[application/vnd.spring-boot.actuator.v1+json || application/json]}" onto public java.lang.Object org.springframework.boot.actuate.endpoint.mvc.EndpointMvcAdapter.invoke()
2021-04-20 23:10:46,321 10795 [main] INFO  org.springframework.boot.actuate.endpoint.mvc.EndpointHandlerMapping - Mapped "{[/trace || /trace.json],methods=[GET],produces=[application/vnd.spring-boot.actuator.v1+json || application/json]}" onto public java.lang.Object org.springframework.boot.actuate.endpoint.mvc.EndpointMvcAdapter.invoke()
2021-04-20 23:10:46,321 10795 [main] INFO  org.springframework.boot.actuate.endpoint.mvc.EndpointHandlerMapping - Mapped "{[/configprops || /configprops.json],methods=[GET],produces=[application/vnd.spring-boot.actuator.v1+json || application/json]}" onto public java.lang.Object org.springframework.boot.actuate.endpoint.mvc.EndpointMvcAdapter.invoke()
2021-04-20 23:10:46,322 10796 [main] INFO  org.springframework.boot.actuate.endpoint.mvc.EndpointHandlerMapping - Mapped "{[/info || /info.json],methods=[GET],produces=[application/vnd.spring-boot.actuator.v1+json || application/json]}" onto public java.lang.Object org.springframework.boot.actuate.endpoint.mvc.EndpointMvcAdapter.invoke()
2021-04-20 23:10:46,323 10797 [main] INFO  org.springframework.boot.actuate.endpoint.mvc.EndpointHandlerMapping - Mapped "{[/health || /health.json],methods=[GET],produces=[application/vnd.spring-boot.actuator.v1+json || application/json]}" onto public java.lang.Object org.springframework.boot.actuate.endpoint.mvc.HealthMvcEndpoint.invoke(javax.servlet.http.HttpServletRequest,java.security.Principal)
2021-04-20 23:10:46,324 10798 [main] INFO  org.springframework.boot.actuate.endpoint.mvc.EndpointHandlerMapping - Mapped "{[/autoconfig || /autoconfig.json],methods=[GET],produces=[application/vnd.spring-boot.actuator.v1+json || application/json]}" onto public java.lang.Object org.springframework.boot.actuate.endpoint.mvc.EndpointMvcAdapter.invoke()
2021-04-20 23:10:46,547 11021 [main] INFO  springfox.documentation.spring.web.PropertySourcedRequestMappingHandlerMapping - Mapped URL path [/v2/api-docs] onto method [public org.springframework.http.ResponseEntity<springfox.documentation.spring.web.json.Json> springfox.documentation.swagger2.web.Swagger2Controller.getDocumentation(java.lang.String,javax.servlet.http.HttpServletRequest)]
2021-04-20 23:10:46,857 11331 [main] INFO  org.springframework.web.servlet.mvc.method.annotation.RequestMappingHandlerAdapter - Looking for @ControllerAdvice: org.springframework.boot.context.embedded.AnnotationConfigEmbeddedWebApplicationContext@5a63f509: startup date [Tue Apr 20 23:10:36 GMT+08:00 2021]; root of context hierarchy
2021-04-20 23:10:46,936 11410 [main] INFO  org.springframework.web.servlet.handler.SimpleUrlHandlerMapping - Mapped URL path [/webjars/**] onto handler of type [class org.springframework.web.servlet.resource.ResourceHttpRequestHandler]
2021-04-20 23:10:46,936 11410 [main] INFO  org.springframework.web.servlet.handler.SimpleUrlHandlerMapping - Mapped URL path [/**] onto handler of type [class org.springframework.web.servlet.resource.ResourceHttpRequestHandler]
2021-04-20 23:10:46,985 11459 [main] INFO  org.springframework.web.servlet.handler.SimpleUrlHandlerMapping - Mapped URL path [/**/favicon.ico] onto handler of type [class org.springframework.web.servlet.resource.ResourceHttpRequestHandler]
2021-04-20 23:10:47,351 11825 [main] INFO  org.springframework.ui.freemarker.SpringTemplateLoader - SpringTemplateLoader for FreeMarker: using resource loader [org.springframework.boot.context.embedded.AnnotationConfigEmbeddedWebApplicationContext@5a63f509: startup date [Tue Apr 20 23:10:36 GMT+08:00 2021]; root of context hierarchy] and template loader path [classpath:/templates/]
2021-04-20 23:10:47,352 11826 [main] INFO  org.springframework.web.servlet.view.freemarker.FreeMarkerConfigurer - ClassTemplateLoader for Spring macros added to FreeMarker configuration
2021-04-20 23:10:47,382 11856 [main] WARN  org.springframework.boot.autoconfigure.freemarker.FreeMarkerAutoConfiguration - Cannot find template location(s): [classpath:/templates/] (please add some templates, check your FreeMarker configuration, or set spring.freemarker.checkTemplateLocation=false)
2021-04-20 23:10:47,571 12045 [main] INFO  org.springframework.jmx.export.annotation.AnnotationMBeanExporter - Registering beans for JMX exposure on startup
2021-04-20 23:10:47,574 12048 [main] INFO  org.springframework.jmx.export.annotation.AnnotationMBeanExporter - Bean with name 'statFilter' has been autodetected for JMX exposure
2021-04-20 23:10:47,574 12048 [main] INFO  org.springframework.jmx.export.annotation.AnnotationMBeanExporter - Bean with name 'dataSource' has been autodetected for JMX exposure
2021-04-20 23:10:47,582 12056 [main] INFO  org.springframework.jmx.export.annotation.AnnotationMBeanExporter - Located MBean 'dataSource': registering with JMX server as MBean [com.alibaba.druid.spring.boot.autoconfigure:name=dataSource,type=DruidDataSourceWrapper]
2021-04-20 23:10:47,583 12057 [main] INFO  org.springframework.jmx.export.annotation.AnnotationMBeanExporter - Located MBean 'statFilter': registering with JMX server as MBean [com.alibaba.druid.filter.stat:name=statFilter,type=StatFilter]
2021-04-20 23:10:47,584 12058 [main] INFO  org.springframework.boot.actuate.endpoint.jmx.EndpointMBeanExporter - Registering beans for JMX exposure on startup
2021-04-20 23:10:47,589 12063 [main] INFO  org.springframework.context.support.DefaultLifecycleProcessor - Starting beans in phase 0
2021-04-20 23:10:47,591 12065 [main] INFO  org.springframework.boot.actuate.endpoint.jmx.EndpointMBeanExporter - Located managed bean 'auditEventsEndpoint': registering with JMX server as MBean [org.springframework.boot:type=Endpoint,name=auditEventsEndpoint]
2021-04-20 23:10:47,616 12090 [main] INFO  org.springframework.boot.actuate.endpoint.jmx.EndpointMBeanExporter - Located managed bean 'requestMappingEndpoint': registering with JMX server as MBean [org.springframework.boot:type=Endpoint,name=requestMappingEndpoint]
2021-04-20 23:10:47,626 12100 [main] INFO  org.springframework.boot.actuate.endpoint.jmx.EndpointMBeanExporter - Located managed bean 'environmentEndpoint': registering with JMX server as MBean [org.springframework.boot:type=Endpoint,name=environmentEndpoint]
2021-04-20 23:10:47,630 12104 [main] INFO  org.springframework.boot.actuate.endpoint.jmx.EndpointMBeanExporter - Located managed bean 'healthEndpoint': registering with JMX server as MBean [org.springframework.boot:type=Endpoint,name=healthEndpoint]
2021-04-20 23:10:47,633 12107 [main] INFO  org.springframework.boot.actuate.endpoint.jmx.EndpointMBeanExporter - Located managed bean 'beansEndpoint': registering with JMX server as MBean [org.springframework.boot:type=Endpoint,name=beansEndpoint]
2021-04-20 23:10:47,635 12109 [main] INFO  org.springframework.boot.actuate.endpoint.jmx.EndpointMBeanExporter - Located managed bean 'infoEndpoint': registering with JMX server as MBean [org.springframework.boot:type=Endpoint,name=infoEndpoint]
2021-04-20 23:10:47,638 12112 [main] INFO  org.springframework.boot.actuate.endpoint.jmx.EndpointMBeanExporter - Located managed bean 'loggersEndpoint': registering with JMX server as MBean [org.springframework.boot:type=Endpoint,name=loggersEndpoint]
2021-04-20 23:10:47,645 12119 [main] INFO  org.springframework.boot.actuate.endpoint.jmx.EndpointMBeanExporter - Located managed bean 'metricsEndpoint': registering with JMX server as MBean [org.springframework.boot:type=Endpoint,name=metricsEndpoint]
2021-04-20 23:10:47,647 12121 [main] INFO  org.springframework.boot.actuate.endpoint.jmx.EndpointMBeanExporter - Located managed bean 'traceEndpoint': registering with JMX server as MBean [org.springframework.boot:type=Endpoint,name=traceEndpoint]
2021-04-20 23:10:47,649 12123 [main] INFO  org.springframework.boot.actuate.endpoint.jmx.EndpointMBeanExporter - Located managed bean 'dumpEndpoint': registering with JMX server as MBean [org.springframework.boot:type=Endpoint,name=dumpEndpoint]
2021-04-20 23:10:47,652 12126 [main] INFO  org.springframework.boot.actuate.endpoint.jmx.EndpointMBeanExporter - Located managed bean 'autoConfigurationReportEndpoint': registering with JMX server as MBean [org.springframework.boot:type=Endpoint,name=autoConfigurationReportEndpoint]
2021-04-20 23:10:47,654 12128 [main] INFO  org.springframework.boot.actuate.endpoint.jmx.EndpointMBeanExporter - Located managed bean 'configurationPropertiesReportEndpoint': registering with JMX server as MBean [org.springframework.boot:type=Endpoint,name=configurationPropertiesReportEndpoint]
2021-04-20 23:10:47,655 12129 [main] INFO  org.springframework.context.support.DefaultLifecycleProcessor - Starting beans in phase 2147483647
2021-04-20 23:10:47,655 12129 [main] INFO  springfox.documentation.spring.web.plugins.DocumentationPluginsBootstrapper - Context refreshed
2021-04-20 23:10:47,675 12149 [main] INFO  springfox.documentation.spring.web.plugins.DocumentationPluginsBootstrapper - Found 1 custom documentation plugin(s)
2021-04-20 23:10:47,721 12195 [main] INFO  springfox.documentation.spring.web.scanners.ApiListingReferenceScanner - Scanning for api listing references
2021-04-20 23:10:47,813 12287 [main] INFO  springfox.documentation.spring.web.readers.operation.CachingOperationNameGenerator - Generating unique operation named: findByPrincipalAndAfterAndTypeUsingGET_1
2021-04-20 23:10:47,948 12422 [main] INFO  springfox.documentation.spring.web.readers.operation.CachingOperationNameGenerator - Generating unique operation named: invokeUsingGET_1
2021-04-20 23:10:47,950 12424 [main] INFO  springfox.documentation.spring.web.readers.operation.CachingOperationNameGenerator - Generating unique operation named: invokeUsingGET_2
2021-04-20 23:10:47,951 12425 [main] INFO  springfox.documentation.spring.web.readers.operation.CachingOperationNameGenerator - Generating unique operation named: invokeUsingGET_3
2021-04-20 23:10:47,953 12427 [main] INFO  springfox.documentation.spring.web.readers.operation.CachingOperationNameGenerator - Generating unique operation named: invokeUsingGET_4
2021-04-20 23:10:47,955 12429 [main] INFO  springfox.documentation.spring.web.readers.operation.CachingOperationNameGenerator - Generating unique operation named: invokeUsingGET_5
2021-04-20 23:10:47,956 12430 [main] INFO  springfox.documentation.spring.web.readers.operation.CachingOperationNameGenerator - Generating unique operation named: invokeUsingGET_6
2021-04-20 23:10:47,958 12432 [main] INFO  springfox.documentation.spring.web.readers.operation.CachingOperationNameGenerator - Generating unique operation named: invokeUsingGET_7
2021-04-20 23:10:47,959 12433 [main] INFO  springfox.documentation.spring.web.readers.operation.CachingOperationNameGenerator - Generating unique operation named: invokeUsingGET_8
2021-04-20 23:10:47,960 12434 [main] INFO  springfox.documentation.spring.web.readers.operation.CachingOperationNameGenerator - Generating unique operation named: invokeUsingGET_9
2021-04-20 23:10:47,961 12435 [main] INFO  springfox.documentation.spring.web.readers.operation.CachingOperationNameGenerator - Generating unique operation named: invokeUsingGET_10
2021-04-20 23:10:47,962 12436 [main] INFO  springfox.documentation.spring.web.readers.operation.CachingOperationNameGenerator - Generating unique operation named: invokeUsingGET_11
2021-04-20 23:10:47,963 12437 [main] INFO  springfox.documentation.spring.web.readers.operation.CachingOperationNameGenerator - Generating unique operation named: invokeUsingGET_12
2021-04-20 23:10:47,964 12438 [main] INFO  springfox.documentation.spring.web.readers.operation.CachingOperationNameGenerator - Generating unique operation named: invokeUsingGET_13
2021-04-20 23:10:47,966 12440 [main] INFO  springfox.documentation.spring.web.readers.operation.CachingOperationNameGenerator - Generating unique operation named: invokeUsingGET_14
2021-04-20 23:10:47,967 12441 [main] INFO  springfox.documentation.spring.web.readers.operation.CachingOperationNameGenerator - Generating unique operation named: invokeUsingGET_15
2021-04-20 23:10:47,976 12450 [main] WARN  springfox.documentation.spring.web.readers.parameter.ParameterDataTypeReader - Trying to infer dataType java.util.List<com.iflytek.vivian.traffic.server.dto.EventDto>
2021-04-20 23:10:48,029 12503 [main] INFO  springfox.documentation.spring.web.readers.operation.CachingOperationNameGenerator - Generating unique operation named: invokeUsingGET_16
2021-04-20 23:10:48,031 12505 [main] INFO  springfox.documentation.spring.web.readers.operation.CachingOperationNameGenerator - Generating unique operation named: invokeUsingGET_17
2021-04-20 23:10:48,036 12510 [main] INFO  springfox.documentation.spring.web.readers.operation.CachingOperationNameGenerator - Generating unique operation named: invokeUsingGET_18
2021-04-20 23:10:48,039 12513 [main] INFO  springfox.documentation.spring.web.readers.operation.CachingOperationNameGenerator - Generating unique operation named: invokeUsingGET_19
2021-04-20 23:10:48,042 12516 [main] INFO  springfox.documentation.spring.web.readers.operation.CachingOperationNameGenerator - Generating unique operation named: invokeUsingGET_20
2021-04-20 23:10:48,043 12517 [main] INFO  springfox.documentation.spring.web.readers.operation.CachingOperationNameGenerator - Generating unique operation named: invokeUsingGET_21
2021-04-20 23:10:48,047 12521 [main] INFO  springfox.documentation.spring.web.readers.operation.CachingOperationNameGenerator - Generating unique operation named: invokeUsingGET_22
2021-04-20 23:10:48,048 12522 [main] INFO  springfox.documentation.spring.web.readers.operation.CachingOperationNameGenerator - Generating unique operation named: invokeUsingGET_23
2021-04-20 23:10:48,050 12524 [main] INFO  springfox.documentation.spring.web.readers.operation.CachingOperationNameGenerator - Generating unique operation named: valueUsingGET_1
2021-04-20 23:10:48,053 12527 [main] WARN  springfox.documentation.spring.web.readers.parameter.ParameterDataTypeReader - Trying to infer dataType java.util.List<com.iflytek.vivian.traffic.server.dto.UserDto>
2021-04-20 23:10:48,100 12574 [main] INFO  org.apache.coyote.http11.Http11NioProtocol - Starting ProtocolHandler ["http-nio-9997"]
2021-04-20 23:10:48,117 12591 [main] INFO  org.apache.tomcat.util.net.NioSelectorPool - Using a shared selector for servlet write/read
2021-04-20 23:10:48,139 12613 [main] INFO  org.springframework.boot.context.embedded.tomcat.TomcatEmbeddedServletContainer - Tomcat started on port(s): 9997 (http)
2021-04-20 23:10:48,145 12619 [main] INFO  com.iflytek.vivian.traffic.server.TrafficServerApplication - Started TrafficServerApplication in 12.063 seconds (JVM running for 14.731)
2021-04-20 23:11:46,251 70725 [http-nio-9997-exec-4] INFO  org.apache.catalina.core.ContainerBase.[Tomcat].[localhost].[/traffic-server] - Initializing Spring FrameworkServlet 'dispatcherServlet'
2021-04-20 23:11:46,252 70726 [http-nio-9997-exec-4] INFO  org.springframework.web.servlet.DispatcherServlet - FrameworkServlet 'dispatcherServlet': initialization started
2021-04-20 23:11:46,289 70763 [http-nio-9997-exec-4] INFO  org.springframework.web.servlet.DispatcherServlet - FrameworkServlet 'dispatcherServlet': initialization completed in 37 ms
2021-04-20 23:11:46,410 70884 [http-nio-9997-exec-4] ERROR com.iflytek.vivian.traffic.server.client.TtsAbilityClient - tts语音合成失败
2021-04-20 23:12:16,344 100818 [OkHttp https://tts-api.xfyun.cn/...] INFO  com.iflytek.vivian.traffic.server.client.TtsAbilityClient - socket closing
2021-04-20 23:12:16,346 100820 [OkHttp https://tts-api.xfyun.cn/...] INFO  com.iflytek.vivian.traffic.server.client.TtsAbilityClient - socket closed
